0 info it worked if it ends with ok
1 verbose cli [ '/usr/local/bin/node', '/usr/local/bin/npm', 'publish' ]
2 info using npm@2.14.4
3 info using node@v4.1.2
4 verbose publish [ '.' ]
5 silly cache add args [ '.', null ]
6 verbose cache add spec .
7 silly cache add parsed spec Result {
7 silly cache add   raw: '.',
7 silly cache add   scope: null,
7 silly cache add   name: null,
7 silly cache add   rawSpec: '.',
7 silly cache add   spec: '/Users/trippruitt/generator-yeoman-test-trip',
7 silly cache add   type: 'directory' }
8 verbose addLocalDirectory /Users/trippruitt/.npm/generator-yeoman-test-trip/0.1.0/package.tgz not in flight; packing
9 verbose tar pack [ '/Users/trippruitt/.npm/generator-yeoman-test-trip/0.1.0/package.tgz',
9 verbose tar pack   '/Users/trippruitt/generator-yeoman-test-trip' ]
10 verbose tarball /Users/trippruitt/.npm/generator-yeoman-test-trip/0.1.0/package.tgz
11 verbose folder /Users/trippruitt/generator-yeoman-test-trip
12 info prepublish generator-yeoman-test-trip@0.1.0
13 verbose addLocalTarball adding from inside cache /Users/trippruitt/.npm/generator-yeoman-test-trip/0.1.0/package.tgz
14 silly cache afterAdd generator-yeoman-test-trip@0.1.0
15 verbose afterAdd /Users/trippruitt/.npm/generator-yeoman-test-trip/0.1.0/package/package.json not in flight; writing
16 verbose afterAdd /Users/trippruitt/.npm/generator-yeoman-test-trip/0.1.0/package/package.json written
17 silly publish { name: 'generator-yeoman-test-trip',
17 silly publish   version: '0.1.0',
17 silly publish   description: 'Yeoman generator',
17 silly publish   license: 'MIT',
17 silly publish   main: 'app/index.js',
17 silly publish   repository:
17 silly publish    { type: 'git',
17 silly publish      url: 'git+https://github.com/tripstar22/generator-yeoman-test-trip.git' },
17 silly publish   author: { name: 'Trip Pruitt', url: 'https://github.com/tripstar22' },
17 silly publish   scripts: { test: 'mocha' },
17 silly publish   files: [ 'generators' ],
17 silly publish   keywords: [ 'yeoman-generator' ],
17 silly publish   dependencies:
17 silly publish    { 'yeoman-generator': '^0.19.0',
17 silly publish      chalk: '^1.0.0',
17 silly publish      yosay: '^1.0.2' },
17 silly publish   devDependencies: { mocha: '*' },
17 silly publish   readme: '# generator-yeoman-test-trip [![Build Status](https://secure.travis-ci.org/tripstar22/generator-yeoman-test-trip.png?branch=master)](https://travis-ci.org/tripstar22/generator-yeoman-test-trip)\n\n> [Yeoman](http://yeoman.io) generator\n\n\n## Getting Started\n\n### What is Yeoman?\n\nTrick question. It\'s not a thing. It\'s this guy:\n\n![](http://i.imgur.com/JHaAlBJ.png)\n\nBasically, he wears a top hat, lives in your computer, and waits for you to tell him what kind of application you wish to create.\n\nNot every new computer comes with a Yeoman pre-installed. He lives in the [npm](https://npmjs.org) package repository. You only have to ask for him once, then he packs up and moves into your hard drive. *Make sure you clean up, he likes new and shiny things.*\n\n```bash\nnpm install -g yo\n```\n\n### Yeoman Generators\n\nYeoman travels light. He didn\'t pack any generators when he moved in. You can think of a generator like a plug-in. You get to choose what type of application you wish to create, such as a Backbone application or even a Chrome extension.\n\nTo install generator-yeoman-test-trip from npm, run:\n\n```bash\nnpm install -g generator-yeoman-test-trip\n```\n\nFinally, initiate the generator:\n\n```bash\nyo yeoman-test-trip\n```\n\n### Getting To Know Yeoman\n\nYeoman has a heart of gold. He\'s a person with feelings and opinions, but he\'s very easy to work with. If you think he\'s too opinionated, he can be easily convinced.\n\nIf you\'d like to get to know Yeoman better and meet some of his friends, [Grunt](http://gruntjs.com) and [Bower](http://bower.io), check out the complete [Getting Started Guide](https://github.com/yeoman/yeoman/wiki/Getting-Started).\n\n\n## License\n\nMIT\n# generator-yeoman-test-trip\n',
17 silly publish   readmeFilename: 'README.md',
17 silly publish   gitHead: '66a16eba4632d8108c9d1d399703039b8d350717',
17 silly publish   bugs: { url: 'https://github.com/tripstar22/generator-yeoman-test-trip/issues' },
17 silly publish   homepage: 'https://github.com/tripstar22/generator-yeoman-test-trip#readme',
17 silly publish   _id: 'generator-yeoman-test-trip@0.1.0',
17 silly publish   _shasum: '8bf4c3eeb6f4f78173b2a0b95e14a14532592c88',
17 silly publish   _from: '.' }
18 verbose getPublishConfig undefined
19 silly mapToRegistry name generator-yeoman-test-trip
20 silly mapToRegistry using default registry
21 silly mapToRegistry registry https://registry.npmjs.org/
22 silly mapToRegistry uri https://registry.npmjs.org/generator-yeoman-test-trip
23 verbose publish registryBase https://registry.npmjs.org/
24 silly publish uploading /Users/trippruitt/.npm/generator-yeoman-test-trip/0.1.0/package.tgz
25 verbose request uri https://registry.npmjs.org/generator-yeoman-test-trip
26 verbose request sending authorization for write operation
27 info attempt registry request try #1 at 1:25:03 PM
28 verbose request using bearer token for auth
29 verbose request id ad3a48585613da54
30 http request PUT https://registry.npmjs.org/generator-yeoman-test-trip
31 http 403 https://registry.npmjs.org/generator-yeoman-test-trip
32 verbose headers { 'content-type': 'application/json',
32 verbose headers   'cache-control': 'max-age=60',
32 verbose headers   'content-length': '95',
32 verbose headers   'accept-ranges': 'bytes',
32 verbose headers   date: 'Sun, 11 Oct 2015 17:25:04 GMT',
32 verbose headers   via: '1.1 varnish',
32 verbose headers   connection: 'keep-alive',
32 verbose headers   'x-served-by': 'cache-iad2136-IAD',
32 verbose headers   'x-cache': 'MISS',
32 verbose headers   'x-cache-hits': '0',
32 verbose headers   'x-timer': 'S1444584303.438593,VS0,VE1227' }
33 verbose request invalidating /Users/trippruitt/.npm/registry.npmjs.org/generator-yeoman-test-trip on PUT
34 error publish Failed PUT 403
35 verbose stack Error: "You cannot publish over the previously published version 0.1.0." : generator-yeoman-test-trip
35 verbose stack     at makeError (/usr/local/lib/node_modules/npm/node_modules/npm-registry-client/lib/request.js:263:12)
35 verbose stack     at CachingRegistryClient.<anonymous> (/usr/local/lib/node_modules/npm/node_modules/npm-registry-client/lib/request.js:251:14)
35 verbose stack     at Request._callback (/usr/local/lib/node_modules/npm/node_modules/npm-registry-client/lib/request.js:171:14)
35 verbose stack     at Request.self.callback (/usr/local/lib/node_modules/npm/node_modules/request/request.js:198:22)
35 verbose stack     at emitTwo (events.js:87:13)
35 verbose stack     at Request.emit (events.js:172:7)
35 verbose stack     at Request.<anonymous> (/usr/local/lib/node_modules/npm/node_modules/request/request.js:1073:14)
35 verbose stack     at emitOne (events.js:82:20)
35 verbose stack     at Request.emit (events.js:169:7)
35 verbose stack     at IncomingMessage.<anonymous> (/usr/local/lib/node_modules/npm/node_modules/request/request.js:1019:12)
36 verbose statusCode 403
37 verbose pkgid generator-yeoman-test-trip
38 verbose cwd /Users/trippruitt/generator-yeoman-test-trip
39 error Darwin 15.0.0
40 error argv "/usr/local/bin/node" "/usr/local/bin/npm" "publish"
41 error node v4.1.2
42 error npm  v2.14.4
43 error code E403
44 error "You cannot publish over the previously published version 0.1.0." : generator-yeoman-test-trip
45 error If you need help, you may report this error at:
45 error     <https://github.com/npm/npm/issues>
46 verbose exit [ 1, true ]
